0 info it worked if it ends with ok
1 verbose cli [ 'C:\\Program Files\\nodejs\\node.exe',
1 verbose cli   'C:\\Users\\212356236\\AppData\\Roaming\\npm\\node_modules\\npm\\bin\\npm-cli.js',
1 verbose cli   'publish',
1 verbose cli   'xlsx_buffer_json_mv' ]
2 info using npm@4.1.1
3 info using node@v4.6.0
4 verbose publish [ 'xlsx_buffer_json_mv' ]
5 silly cache add args [ 'xlsx_buffer_json_mv', null ]
6 verbose cache add spec xlsx_buffer_json_mv
7 silly cache add parsed spec Result {
7 silly cache add   raw: 'xlsx_buffer_json_mv',
7 silly cache add   scope: null,
7 silly cache add   escapedName: 'xlsx_buffer_json_mv',
7 silly cache add   name: 'xlsx_buffer_json_mv',
7 silly cache add   rawSpec: '',
7 silly cache add   spec: 'latest',
7 silly cache add   type: 'tag' }
8 silly addNamed xlsx_buffer_json_mv@latest
9 verbose addNamed "latest" is being treated as a dist-tag for xlsx_buffer_json_mv
10 info addNameTag [ 'xlsx_buffer_json_mv', 'latest' ]
11 silly mapToRegistry name xlsx_buffer_json_mv
12 silly mapToRegistry using default registry
13 silly mapToRegistry registry https://registry.npmjs.org/
14 silly mapToRegistry data Result {
14 silly mapToRegistry   raw: 'xlsx_buffer_json_mv',
14 silly mapToRegistry   scope: null,
14 silly mapToRegistry   escapedName: 'xlsx_buffer_json_mv',
14 silly mapToRegistry   name: 'xlsx_buffer_json_mv',
14 silly mapToRegistry   rawSpec: '',
14 silly mapToRegistry   spec: 'latest',
14 silly mapToRegistry   type: 'tag' }
15 silly mapToRegistry uri https://registry.npmjs.org/xlsx_buffer_json_mv
16 verbose addNameTag registry:https://registry.npmjs.org/xlsx_buffer_json_mv not in flight; fetching
17 verbose request uri https://registry.npmjs.org/xlsx_buffer_json_mv
18 verbose request no auth needed
19 info attempt registry request try #1 at 8:17:54 PM
20 verbose request using bearer token for auth
21 verbose request id ba25128b693ae8d1
22 http request GET https://registry.npmjs.org/xlsx_buffer_json_mv
23 http 404 https://registry.npmjs.org/xlsx_buffer_json_mv
24 verbose headers { 'content-type': 'application/json',
24 verbose headers   'cache-control': 'max-age=0',
24 verbose headers   'content-length': '2',
24 verbose headers   'accept-ranges': 'bytes',
24 verbose headers   date: 'Tue, 24 Jan 2017 14:47:56 GMT',
24 verbose headers   via: '1.1 varnish',
24 verbose headers   connection: 'close',
24 verbose headers   'x-served-by': 'cache-sjc3132-SJC',
24 verbose headers   'x-cache': 'MISS',
24 verbose headers   'x-cache-hits': '0',
24 verbose headers   'x-timer': 'S1485269275.953431,VS0,VE374',
24 verbose headers   vary: 'Accept-Encoding' }
25 silly get cb [ 404,
25 silly get   { 'content-type': 'application/json',
25 silly get     'cache-control': 'max-age=0',
25 silly get     'content-length': '2',
25 silly get     'accept-ranges': 'bytes',
25 silly get     date: 'Tue, 24 Jan 2017 14:47:56 GMT',
25 silly get     via: '1.1 varnish',
25 silly get     connection: 'close',
25 silly get     'x-served-by': 'cache-sjc3132-SJC',
25 silly get     'x-cache': 'MISS',
25 silly get     'x-cache-hits': '0',
25 silly get     'x-timer': 'S1485269275.953431,VS0,VE374',
25 silly get     vary: 'Accept-Encoding' } ]
26 verbose stack Error: Registry returned 404 for GET on https://registry.npmjs.org/xlsx_buffer_json_mv
26 verbose stack     at makeError (C:\Users\212356236\AppData\Roaming\npm\node_modules\npm\node_modules\npm-registry-client\lib\request.js:304:12)
26 verbose stack     at CachingRegistryClient.<anonymous> (C:\Users\212356236\AppData\Roaming\npm\node_modules\npm\node_modules\npm-registry-client\lib\request.js:282:14)
26 verbose stack     at Request._callback (C:\Users\212356236\AppData\Roaming\npm\node_modules\npm\node_modules\npm-registry-client\lib\request.js:212:14)
26 verbose stack     at Request.self.callback (C:\Users\212356236\AppData\Roaming\npm\node_modules\npm\node_modules\request\request.js:186:22)
26 verbose stack     at emitTwo (events.js:87:13)
26 verbose stack     at Request.emit (events.js:172:7)
26 verbose stack     at Request.<anonymous> (C:\Users\212356236\AppData\Roaming\npm\node_modules\npm\node_modules\request\request.js:1081:10)
26 verbose stack     at emitOne (events.js:77:13)
26 verbose stack     at Request.emit (events.js:169:7)
26 verbose stack     at IncomingMessage.<anonymous> (C:\Users\212356236\AppData\Roaming\npm\node_modules\npm\node_modules\request\request.js:1001:12)
27 verbose statusCode 404
28 verbose pkgid xlsx_buffer_json_mv
29 verbose cwd C:\02 TUTORIALS\nodejs\publish modules\xlsx_to_json
30 error Windows_NT 6.1.7601
31 error argv "C:\\Program Files\\nodejs\\node.exe" "C:\\Users\\212356236\\AppData\\Roaming\\npm\\node_modules\\npm\\bin\\npm-cli.js" "publish" "xlsx_buffer_json_mv"
32 error node v4.6.0
33 error npm  v4.1.1
34 error code E404
35 error 404 Registry returned 404 for GET on https://registry.npmjs.org/xlsx_buffer_json_mv
36 error 404
37 error 404 'xlsx_buffer_json_mv' is not in the npm registry.
38 error 404 You should bug the author to publish it (or use the name yourself!)
39 error 404 Note that you can also install from a
40 error 404 tarball, folder, http url, or git url.
41 verbose exit [ 1, true ]
